<?xml version="1.0" encoding="UTF-8" ?>
<testsuites disabled="0" errors="0" failures="2" tests="27" time="115.647">
 <testsuite name="careers jnj automation sctipts" timestamp="2018-05-21T18:40:56" hostname="localhost" time="62.929" errors="0" tests="18" skipped="1" disabled="0" failures="2">
  <testcase classname="careers jnj automation sctipts" name="index page UI elements checks" time="1.008" />
  <testcase classname="careers jnj automation sctipts" name="should verify position search" time="3.467" />
  <testcase classname="careers jnj automation sctipts" name="should verify location search" time="0">
   <skipped message="Temporarily disabled with xit" />
  </testcase>
  <testcase classname="careers jnj automation sctipts" name="should verify position details page" time="6.411" />
  <testcase classname="careers jnj automation sctipts" name="position details page UI elements checks" time="1.649" />
  <testcase classname="careers jnj automation sctipts" name="should verify get_alert_field negative validation" time="2.376" />
  <testcase classname="careers jnj automation sctipts" name="should verify get_alert_field negative validation" time="2.305" />
  <testcase classname="careers jnj automation sctipts" name="should verify get_alert_field negative validation" time="6.352">
   <failure type="exception" message="Failed: Wait timed out after 5277ms"><![CDATA[TimeoutError: Wait timed out after 5277ms
    at C:\Users\Sona_Gamaryan\AppData\Roaming\npm\node_modules\protractor\node_modules\selenium-webdriver\lib\promise.js:2201:17
    at ManagedPromise.invokeCallback_ (C:\Users\Sona_Gamaryan\AppData\Roaming\npm\node_modules\protractor\node_modules\selenium-webdriver\lib\promise.js:1376:14)
    at TaskQueue.execute_ (C:\Users\Sona_Gamaryan\AppData\Roaming\npm\node_modules\protractor\node_modules\selenium-webdriver\lib\promise.js:3084:14)
    at TaskQueue.executeNext_ (C:\Users\Sona_Gamaryan\AppData\Roaming\npm\node_modules\protractor\node_modules\selenium-webdriver\lib\promise.js:3067:27)
    at asyncRun (C:\Users\Sona_Gamaryan\AppData\Roaming\npm\node_modules\protractor\node_modules\selenium-webdriver\lib\promise.js:2927:27)
    at C:\Users\Sona_Gamaryan\AppData\Roaming\npm\node_modules\protractor\node_modules\selenium-webdriver\lib\promise.js:668:7
    at <anonymous>
    at process._tickCallback (internal/process/next_tick.js:188:7)
From: Task: <anonymous wait>
    at scheduleWait (C:\Users\Sona_Gamaryan\AppData\Roaming\npm\node_modules\protractor\node_modules\selenium-webdriver\lib\promise.js:2188:20)
    at ControlFlow.wait (C:\Users\Sona_Gamaryan\AppData\Roaming\npm\node_modules\protractor\node_modules\selenium-webdriver\lib\promise.js:2517:12)
    at thenableWebDriverProxy.wait (C:\Users\Sona_Gamaryan\AppData\Roaming\npm\node_modules\protractor\node_modules\selenium-webdriver\lib\webdriver.js:934:29)
    at run (C:\Users\Sona_Gamaryan\AppData\Roaming\npm\node_modules\protractor\built\browser.js:59:33)
    at ProtractorBrowser.to.(anonymous function) [as wait] (C:\Users\Sona_Gamaryan\AppData\Roaming\npm\node_modules\protractor\built\browser.js:67:16)
    at PositionDetailsPage._callee2$ (D:\EPAM\JnJ\JibeAutomation02\ForAutomation\objects\PageObjects\positionDetailsPage.js:57:44)
    at tryCatch (D:\EPAM\JnJ\JibeAutomation02\ForAutomation\node_modules\babel-polyfill\node_modules\regenerator-runtime\runtime.js:65:40)
    at Generator.invoke [as _invoke] (D:\EPAM\JnJ\JibeAutomation02\ForAutomation\node_modules\babel-polyfill\node_modules\regenerator-runtime\runtime.js:303:22)
    at Generator.prototype.(anonymous function) [as next] (D:\EPAM\JnJ\JibeAutomation02\ForAutomation\node_modules\babel-polyfill\node_modules\regenerator-runtime\runtime.js:117:21)
    at step (D:\EPAM\JnJ\JibeAutomation02\ForAutomation\objects\PageObjects\positionDetailsPage.js:3:191)
From: Task: Run it("should verify get_alert_field negative validation") in control flow
    at UserContext.<anonymous> (C:\Users\Sona_Gamaryan\AppData\Roaming\npm\node_modules\protractor\node_modules\jasminewd2\index.js:94:19)
    at attempt (C:\Users\Sona_Gamaryan\AppData\Roaming\npm\node_modules\protractor\node_modules\jasmine-core\lib\jasmine-core\jasmine.js:4297:26)
    at QueueRunner.run (C:\Users\Sona_Gamaryan\AppData\Roaming\npm\node_modules\protractor\node_modules\jasmine-core\lib\jasmine-core\jasmine.js:4217:20)
    at QueueRunner.execute (C:\Users\Sona_Gamaryan\AppData\Roaming\npm\node_modules\protractor\node_modules\jasmine-core\lib\jasmine-core\jasmine.js:4199:10)
    at Spec.queueRunnerFactory (C:\Users\Sona_Gamaryan\AppData\Roaming\npm\node_modules\protractor\node_modules\jasmine-core\lib\jasmine-core\jasmine.js:909:35)
    at Spec.execute (C:\Users\Sona_Gamaryan\AppData\Roaming\npm\node_modules\protractor\node_modules\jasmine-core\lib\jasmine-core\jasmine.js:526:10)
    at UserContext.fn (C:\Users\Sona_Gamaryan\AppData\Roaming\npm\node_modules\protractor\node_modules\jasmine-core\lib\jasmine-core\jasmine.js:5340:37)
    at attempt (C:\Users\Sona_Gamaryan\AppData\Roaming\npm\node_modules\protractor\node_modules\jasmine-core\lib\jasmine-core\jasmine.js:4297:26)
    at QueueRunner.run (C:\Users\Sona_Gamaryan\AppData\Roaming\npm\node_modules\protractor\node_modules\jasmine-core\lib\jasmine-core\jasmine.js:4217:20)
    at runNext (C:\Users\Sona_Gamaryan\AppData\Roaming\npm\node_modules\protractor\node_modules\jasmine-core\lib\jasmine-core\jasmine.js:4257:20)
From asynchronous test: 
Error
    at D:\EPAM\JnJ\JibeAutomation02\ForAutomation\tests\suites\applyJobTests.js:217:9
    at D:\EPAM\JnJ\JibeAutomation02\ForAutomation\node_modules\jasmine-data-provider\src\index.js:25:22
    at Array.forEach (<anonymous>)
    at D:\EPAM\JnJ\JibeAutomation02\ForAutomation\node_modules\jasmine-data-provider\src\index.js:20:20
    at Suite.<anonymous> (D:\EPAM\JnJ\JibeAutomation02\ForAutomation\tests\suites\applyJobTests.js:216:5)
    at addSpecsToSuite (C:\Users\Sona_Gamaryan\AppData\Roaming\npm\node_modules\protractor\node_modules\jasmine-core\lib\jasmine-core\jasmine.js:1107:25)
    at Env.describe (C:\Users\Sona_Gamaryan\AppData\Roaming\npm\node_modules\protractor\node_modules\jasmine-core\lib\jasmine-core\jasmine.js:1074:7)
    at describe (C:\Users\Sona_Gamaryan\AppData\Roaming\npm\node_modules\protractor\node_modules\jasmine-core\lib\jasmine-core\jasmine.js:4399:18)
    at Object.<anonymous> (D:\EPAM\JnJ\JibeAutomation02\ForAutomation\tests\suites\applyJobTests.js:17:1)]]>
   </failure>
  </testcase>
  <testcase classname="careers jnj automation sctipts" name="should verify get_alert_field negative validation" time="7.466">
   <failure type="exception" message="Failed: Wait timed out after 5622ms"><![CDATA[TimeoutError: Wait timed out after 5622ms
    at C:\Users\Sona_Gamaryan\AppData\Roaming\npm\node_modules\protractor\node_modules\selenium-webdriver\lib\promise.js:2201:17
    at ManagedPromise.invokeCallback_ (C:\Users\Sona_Gamaryan\AppData\Roaming\npm\node_modules\protractor\node_modules\selenium-webdriver\lib\promise.js:1376:14)
    at TaskQueue.execute_ (C:\Users\Sona_Gamaryan\AppData\Roaming\npm\node_modules\protractor\node_modules\selenium-webdriver\lib\promise.js:3084:14)
    at TaskQueue.executeNext_ (C:\Users\Sona_Gamaryan\AppData\Roaming\npm\node_modules\protractor\node_modules\selenium-webdriver\lib\promise.js:3067:27)
    at asyncRun (C:\Users\Sona_Gamaryan\AppData\Roaming\npm\node_modules\protractor\node_modules\selenium-webdriver\lib\promise.js:2927:27)
    at C:\Users\Sona_Gamaryan\AppData\Roaming\npm\node_modules\protractor\node_modules\selenium-webdriver\lib\promise.js:668:7
    at <anonymous>
    at process._tickCallback (internal/process/next_tick.js:188:7)
From: Task: <anonymous wait>
    at scheduleWait (C:\Users\Sona_Gamaryan\AppData\Roaming\npm\node_modules\protractor\node_modules\selenium-webdriver\lib\promise.js:2188:20)
    at ControlFlow.wait (C:\Users\Sona_Gamaryan\AppData\Roaming\npm\node_modules\protractor\node_modules\selenium-webdriver\lib\promise.js:2517:12)
    at thenableWebDriverProxy.wait (C:\Users\Sona_Gamaryan\AppData\Roaming\npm\node_modules\protractor\node_modules\selenium-webdriver\lib\webdriver.js:934:29)
    at run (C:\Users\Sona_Gamaryan\AppData\Roaming\npm\node_modules\protractor\built\browser.js:59:33)
    at ProtractorBrowser.to.(anonymous function) [as wait] (C:\Users\Sona_Gamaryan\AppData\Roaming\npm\node_modules\protractor\built\browser.js:67:16)
    at PositionDetailsPage._callee2$ (D:\EPAM\JnJ\JibeAutomation02\ForAutomation\objects\PageObjects\positionDetailsPage.js:57:44)
    at tryCatch (D:\EPAM\JnJ\JibeAutomation02\ForAutomation\node_modules\babel-polyfill\node_modules\regenerator-runtime\runtime.js:65:40)
    at Generator.invoke [as _invoke] (D:\EPAM\JnJ\JibeAutomation02\ForAutomation\node_modules\babel-polyfill\node_modules\regenerator-runtime\runtime.js:303:22)
    at Generator.prototype.(anonymous function) [as next] (D:\EPAM\JnJ\JibeAutomation02\ForAutomation\node_modules\babel-polyfill\node_modules\regenerator-runtime\runtime.js:117:21)
    at step (D:\EPAM\JnJ\JibeAutomation02\ForAutomation\objects\PageObjects\positionDetailsPage.js:3:191)
From: Task: Run it("should verify get_alert_field negative validation") in control flow
    at UserContext.<anonymous> (C:\Users\Sona_Gamaryan\AppData\Roaming\npm\node_modules\protractor\node_modules\jasminewd2\index.js:94:19)
    at attempt (C:\Users\Sona_Gamaryan\AppData\Roaming\npm\node_modules\protractor\node_modules\jasmine-core\lib\jasmine-core\jasmine.js:4297:26)
    at QueueRunner.run (C:\Users\Sona_Gamaryan\AppData\Roaming\npm\node_modules\protractor\node_modules\jasmine-core\lib\jasmine-core\jasmine.js:4217:20)
    at QueueRunner.execute (C:\Users\Sona_Gamaryan\AppData\Roaming\npm\node_modules\protractor\node_modules\jasmine-core\lib\jasmine-core\jasmine.js:4199:10)
    at Spec.queueRunnerFactory (C:\Users\Sona_Gamaryan\AppData\Roaming\npm\node_modules\protractor\node_modules\jasmine-core\lib\jasmine-core\jasmine.js:909:35)
    at Spec.execute (C:\Users\Sona_Gamaryan\AppData\Roaming\npm\node_modules\protractor\node_modules\jasmine-core\lib\jasmine-core\jasmine.js:526:10)
    at UserContext.fn (C:\Users\Sona_Gamaryan\AppData\Roaming\npm\node_modules\protractor\node_modules\jasmine-core\lib\jasmine-core\jasmine.js:5340:37)
    at attempt (C:\Users\Sona_Gamaryan\AppData\Roaming\npm\node_modules\protractor\node_modules\jasmine-core\lib\jasmine-core\jasmine.js:4297:26)
    at QueueRunner.run (C:\Users\Sona_Gamaryan\AppData\Roaming\npm\node_modules\protractor\node_modules\jasmine-core\lib\jasmine-core\jasmine.js:4217:20)
    at runNext (C:\Users\Sona_Gamaryan\AppData\Roaming\npm\node_modules\protractor\node_modules\jasmine-core\lib\jasmine-core\jasmine.js:4257:20)
From asynchronous test: 
Error
    at D:\EPAM\JnJ\JibeAutomation02\ForAutomation\tests\suites\applyJobTests.js:217:9
    at D:\EPAM\JnJ\JibeAutomation02\ForAutomation\node_modules\jasmine-data-provider\src\index.js:25:22
    at Array.forEach (<anonymous>)
    at D:\EPAM\JnJ\JibeAutomation02\ForAutomation\node_modules\jasmine-data-provider\src\index.js:20:20
    at Suite.<anonymous> (D:\EPAM\JnJ\JibeAutomation02\ForAutomation\tests\suites\applyJobTests.js:216:5)
    at addSpecsToSuite (C:\Users\Sona_Gamaryan\AppData\Roaming\npm\node_modules\protractor\node_modules\jasmine-core\lib\jasmine-core\jasmine.js:1107:25)
    at Env.describe (C:\Users\Sona_Gamaryan\AppData\Roaming\npm\node_modules\protractor\node_modules\jasmine-core\lib\jasmine-core\jasmine.js:1074:7)
    at describe (C:\Users\Sona_Gamaryan\AppData\Roaming\npm\node_modules\protractor\node_modules\jasmine-core\lib\jasmine-core\jasmine.js:4399:18)
    at Object.<anonymous> (D:\EPAM\JnJ\JibeAutomation02\ForAutomation\tests\suites\applyJobTests.js:17:1)]]>
   </failure>
  </testcase>
  <testcase classname="careers jnj automation sctipts" name="should verify get_alert_field negative validation" time="3.158" />
  <testcase classname="careers jnj automation sctipts" name="should verify get_alert_field positive validation" time="2.169" />
  <testcase classname="careers jnj automation sctipts" name="should verify position Details Page Apply button" time="6.43" />
  <testcase classname="careers jnj automation sctipts" name="should verify login Page " time="1.437" />
  <testcase classname="careers jnj automation sctipts" name="should verify login email field negative validation" time="2.791" />
  <testcase classname="careers jnj automation sctipts" name="should verify login email field negative validation" time="2.806" />
  <testcase classname="careers jnj automation sctipts" name="should verify login email field negative validation" time="2.63" />
  <testcase classname="careers jnj automation sctipts" name="should verify login email field negative validation" time="2.872" />
  <testcase classname="careers jnj automation sctipts" name="should verify login email field negative validation" time="2.712" />
 </testsuite>
 <testsuite name="Header menu test" timestamp="2018-05-21T18:41:59" hostname="localhost" time="52.718" errors="0" tests="9" skipped="0" disabled="0" failures="0">
  <testcase classname="Header menu test" name="should check menu search" time="1.192" />
  <testcase classname="Header menu test" name="should check menu countries" time="1.093" />
  <testcase classname="Header menu test" name="should check menu items" time="14.457" />
  <testcase classname="Header menu test" name="should check links About Companies" time="5.448" />
  <testcase classname="Header menu test" name="should check Products of Companies  " time="5.411" />
  <testcase classname="Header menu test" name="should check Our Companies Procurement" time="5.439" />
  <testcase classname="Header menu test" name="should check Our Companies Careers" time="5.411" />
  <testcase classname="Header menu test" name="should check Our Companies Investors" time="5.482" />
  <testcase classname="Header menu test" name="should check Our Companies Societal" time="5.435" />
 </testsuite>
</testsuites>